#
# There is insufficient memory for the Java Runtime Environment to continue.
# Native memory allocation (malloc) failed to allocate 32744 bytes for ChunkPool::allocate
# Possible reasons:
#   The system is out of physical RAM or swap space
#   The process is running with CompressedOops enabled, and the Java Heap may be blocking the growth of the native heap
# Possible solutions:
#   Reduce memory load on the system
#   Increase physical memory or swap space
#   Check if swap backing store is full
#   Decrease Java heap size (-Xmx/-Xms)
#   Decrease number of Java threads
#   Decrease Java thread stack sizes (-Xss)
#   Set larger code cache with -XX:ReservedCodeCacheSize=
#   JVM is running with Unscaled Compressed Oops mode in which the Java heap is
#     placed in the first 4GB address space. The Java Heap base address is the
#     maximum limit for the native heap growth. Please use -XX:HeapBaseMinAddress
#     to set the Java Heap base and to place the Java Heap above 4GB virtual address.
# This output file may be truncated or incomplete.
#
#  Out of Memory Error (arena.cpp:78), pid=216, tid=12972
#
# JRE version: OpenJDK Runtime Environment Temurin-17.0.8.1+1 (17.0.8.1+1) (build 17.0.8.1+1)
# Java VM: OpenJDK 64-Bit Server VM Temurin-17.0.8.1+1 (17.0.8.1+1, mixed mode, tiered, compressed oops, compressed class ptrs, g1 gc, windows-amd64)
# No core dump will be written. Minidumps are not enabled by default on client versions of Windows
#

---------------  S U M M A R Y ------------

Command Line: -ea -Dfile.encoding=UTF-8 -Dstdout.encoding=UTF-8 -Dstderr.encoding=UTF-8 -XX:+ShowCodeDetailsInExceptionMessages org.testng.remote.RemoteTestNG -serport 64520 -protocol json -d C:\Users\Kamlakar\git\Medcare_Automation_Framework\MedcareFramrwork_id-backend\test-output C:\Users\Kamlakar\git\Medcare_Automation_Framework\MedcareFramrwork_id-backend\Test_Billing_Test_Runner_XMLS\Debit_Note_Billing_Summary_Debit_Note_List_Print_Debit_Note.xml

Host: AMD Ryzen 3 5300U with Radeon Graphics         , 8 cores, 5G,  Windows 10 , 64 bit Build 19041 (10.0.19041.3636)
Time: Mon Jan 15 15:51:53 2024 India Standard Time elapsed time: 10.987658 seconds (0d 0h 0m 10s)

---------------  T H R E A D  ---------------

Current thread (0x00000123b0bd2bd0):  JavaThread "C1 CompilerThread0" daemon [_thread_in_native, id=12972, stack(0x0000001aaf800000,0x0000001aaf900000)]


Current CompileTask:
C1:  10987  969       3       java.io.WinNTFileSystem::resolve (275 bytes)

Stack: [0x0000001aaf800000,0x0000001aaf900000]
Native frames: (J=compiled Java code, j=interpreted, Vv=VM code, C=native code)
V  [jvm.dll+0x678b0a]
V  [jvm.dll+0x835e84]
V  [jvm.dll+0x83762e]
V  [jvm.dll+0x837c93]
V  [jvm.dll+0x24746f]
V  [jvm.dll+0xac42c]
V  [jvm.dll+0xac7dc]
V  [jvm.dll+0x11d7c5]
V  [jvm.dll+0x17b284]
V  [jvm.dll+0x17b863]
V  [jvm.dll+0x135fc3]
V  [jvm.dll+0x1358bf]
V  [jvm.dll+0x135af6]
V  [jvm.dll+0x134f8a]
V  [jvm.dll+0x136c51]
V  [jvm.dll+0x228d8a]
V  [jvm.dll+0x226dcc]
V  [jvm.dll+0x7ec09b]
V  [jvm.dll+0x7e64ca]
V  [jvm.dll+0x677955]
C  [ucrtbase.dll+0x21bb2]
C  [KERNEL32.DLL+0x17344]
C  [ntdll.dll+0x526b1]


---------------  P R O C E S S  ---------------

Threads class SMR info:
_java_thread_list=0x00000123b57d7740, length=13, elements={
0x0000012395c8e800, 0x00000123b0a7c3e0, 0x00000123b0a7d810, 0x00000123b0a41540,
0x00000123b0a666d0, 0x00000123b0a66fa0, 0x00000123b0a67870, 0x00000123b0a68470,
0x00000123b0bd2bd0, 0x00000123b0be30d0, 0x00000123b0e55840, 0x00000123b0e54ef0,
0x00000123b0d1c790
}

Java Threads: ( => current thread )
  0x0000012395c8e800 JavaThread "main" [_thread_in_vm, id=4872, stack(0x0000001aaea00000,0x0000001aaeb00000)]
  0x00000123b0a7c3e0 JavaThread "Reference Handler" daemon [_thread_blocked, id=2780, stack(0x0000001aaf100000,0x0000001aaf200000)]
  0x00000123b0a7d810 JavaThread "Finalizer" daemon [_thread_blocked, id=8276, stack(0x0000001aaf200000,0x0000001aaf300000)]
  0x00000123b0a41540 JavaThread "Signal Dispatcher" daemon [_thread_blocked, id=7980, stack(0x0000001aaf300000,0x0000001aaf400000)]
  0x00000123b0a666d0 JavaThread "Attach Listener" daemon [_thread_blocked, id=13188, stack(0x0000001aaf400000,0x0000001aaf500000)]
  0x00000123b0a66fa0 JavaThread "Service Thread" daemon [_thread_blocked, id=9824, stack(0x0000001aaf500000,0x0000001aaf600000)]
  0x00000123b0a67870 JavaThread "Monitor Deflation Thread" daemon [_thread_blocked, id=14248, stack(0x0000001aaf600000,0x0000001aaf700000)]
  0x00000123b0a68470 JavaThread "C2 CompilerThread0" daemon [_thread_blocked, id=10140, stack(0x0000001aaf700000,0x0000001aaf800000)]
=>0x00000123b0bd2bd0 JavaThread "C1 CompilerThread0" daemon [_thread_in_native, id=12972, stack(0x0000001aaf800000,0x0000001aaf900000)]
  0x00000123b0be30d0 JavaThread "Sweeper thread" daemon [_thread_blocked, id=8596, stack(0x0000001aaf900000,0x0000001aafa00000)]
  0x00000123b0e55840 JavaThread "Notification Thread" daemon [_thread_blocked, id=1772, stack(0x0000001aafa00000,0x0000001aafb00000)]
  0x00000123b0e54ef0 JavaThread "Common-Cleaner" daemon [_thread_blocked, id=12700, stack(0x0000001aafc00000,0x0000001aafd00000)]
  0x00000123b0d1c790 JavaThread "ReaderThread" [_thread_in_native, id=11660, stack(0x0000001aafe00000,0x0000001aaff00000)]

Other Threads:
  0x00000123b0a58620 VMThread "VM Thread" [stack: 0x0000001aaf000000,0x0000001aaf100000] [id=1836]
  0x0000012397ead6c0 WatcherThread [stack: 0x0000001aafb00000,0x0000001aafc00000] [id=9196]
  0x0000012397e928d0 GCTaskThread "GC Thread#0" [stack: 0x0000001aaeb00000,0x0000001aaec00000] [id=12384]
  0x0000012397e9f2f0 ConcurrentGCThread "G1 Main Marker" [stack: 0x0000001aaec00000,0x0000001aaed00000] [id=5380]
  0x0000012397e9fc10 ConcurrentGCThread "G1 Conc#0" [stack: 0x0000001aaed00000,0x0000001aaee00000] [id=10800]
  0x0000012397eedc90 ConcurrentGCThread "G1 Refine#0" [stack: 0x0000001aaee00000,0x0000001aaef00000] [id=5064]
  0x0000012397eee5d0 ConcurrentGCThread "G1 Service" [stack: 0x0000001aaef00000,0x0000001aaf000000] [id=4808]

Threads with active compile tasks:
C1 CompilerThread0    11017  969       3       java.io.WinNTFileSystem::resolve (275 bytes)

VM state: not at safepoint (normal execution)

VM Mutex/Monitor currently owned by a thread:  ([mutex/lock_event])
[0x0000012397e43830] Metaspace_lock - owner thread: 0x0000012395c8e800

Heap address: 0x00000000a2200000, size: 1502 MB, Compressed Oops mode: 32-bit

CDS archive(s) not mapped
Compressed class space mapped at: 0x0000000100000000-0x0000000140000000, reserved size: 1073741824
Narrow klass base: 0x0000000000000000, Narrow klass shift: 3, Narrow klass range: 0x140000000

GC Precious Log:
 CPUs: 8 total, 8 available
 Memory: 6005M
 Large Page Support: Disabled
 NUMA Support: Disabled
 Compressed Oops: Enabled (32-bit)
 Heap Region Size: 1M
 Heap Min Capacity: 8M
 Heap Initial Capacity: 94M
 Heap Max Capacity: 1502M
 Pre-touch: Disabled
 Parallel Workers: 8
 Concurrent Workers: 2
 Concurrent Refinement Workers: 8
 Periodic GC: Disabled

Heap:
 garbage-first heap   total 96256K, used 20480K [0x00000000a2200000, 0x0000000100000000)
  region size 1024K, 20 young (20480K), 0 survivors (0K)
 Metaspace       used 12712K, committed 12864K, reserved 1114112K
  class space    used 1208K, committed 1280K, reserved 1048576K

Heap Regions: E=young(eden), S=young(survivor), O=old, HS=humongous(starts), HC=humongous(continues), CS=collection set, F=free, OA=open archive, CA=closed archive, TAMS=top-at-mark-start (previous, next)
|   0|0x00000000a2200000, 0x00000000a2300000, 0x00000000a2300000|100%|HS|  |TAMS 0x00000000a2200000, 0x00000000a2200000| Complete 
|   1|0x00000000a2300000, 0x00000000a2400000, 0x00000000a2400000|100%|HS|  |TAMS 0x00000000a2300000, 0x00000000a2300000| Complete 
|   2|0x00000000a2400000, 0x00000000a2400000, 0x00000000a2500000|  0%| F|  |TAMS 0x00000000a2400000, 0x00000000a2400000| Untracked 
|   3|0x00000000a2500000, 0x00000000a2500000, 0x00000000a2600000|  0%| F|  |TAMS 0x00000000a2500000, 0x00000000a2500000| Untracked 
|   4|0x00000000a2600000, 0x00000000a2600000, 0x00000000a2700000|  0%| F|  |TAMS 0x00000000a2600000, 0x00000000a2600000| Untracked 
|   5|0x00000000a2700000, 0x00000000a2700000, 0x00000000a2800000|  0%| F|  |TAMS 0x00000000a2700000, 0x00000000a2700000| Untracked 
|   6|0x00000000a2800000, 0x00000000a2800000, 0x00000000a2900000|  0%| F|  |TAMS 0x00000000a2800000, 0x00000000a2800000| Untracked 
|   7|0x00000000a2900000, 0x00000000a2900000, 0x00000000a2a00000|  0%| F|  |TAMS 0x00000000a2900000, 0x00000000a2900000| Untracked 
|   8|0x00000000a2a00000, 0x00000000a2a00000, 0x00000000a2b00000|  0%| F|  |TAMS 0x00000000a2a00000, 0x00000000a2a00000| Untracked 
|   9|0x00000000a2b00000, 0x00000000a2b00000, 0x00000000a2c00000|  0%| F|  |TAMS 0x00000000a2b00000, 0x00000000a2b00000| Untracked 
|  10|0x00000000a2c00000, 0x00000000a2c00000, 0x00000000a2d00000|  0%| F|  |TAMS 0x00000000a2c00000, 0x00000000a2c00000| Untracked 
|  11|0x00000000a2d00000, 0x00000000a2d00000, 0x00000000a2e00000|  0%| F|  |TAMS 0x00000000a2d00000, 0x00000000a2d00000| Untracked 
|  12|0x00000000a2e00000, 0x00000000a2e00000, 0x00000000a2f00000|  0%| F|  |TAMS 0x00000000a2e00000, 0x00000000a2e00000| Untracked 
|  13|0x00000000a2f00000, 0x00000000a2f00000, 0x00000000a3000000|  0%| F|  |TAMS 0x00000000a2f00000, 0x00000000a2f00000| Untracked 
|  14|0x00000000a3000000, 0x00000000a3000000, 0x00000000a3100000|  0%| F|  |TAMS 0x00000000a3000000, 0x00000000a3000000| Untracked 
|  15|0x00000000a3100000, 0x00000000a3100000, 0x00000000a3200000|  0%| F|  |TAMS 0x00000000a3100000, 0x00000000a3100000| Untracked 
|  16|0x00000000a3200000, 0x00000000a3200000, 0x00000000a3300000|  0%| F|  |TAMS 0x00000000a3200000, 0x00000000a3200000| Untracked 
|  17|0x00000000a3300000, 0x00000000a3300000, 0x00000000a3400000|  0%| F|  |TAMS 0x00000000a3300000, 0x00000000a3300000| Untracked 
|  18|0x00000000a3400000, 0x00000000a3400000, 0x00000000a3500000|  0%| F|  |TAMS 0x00000000a3400000, 0x00000000a3400000| Untracked 
|  19|0x00000000a3500000, 0x00000000a3500000, 0x00000000a3600000|  0%| F|  |TAMS 0x00000000a3500000, 0x00000000a3500000| Untracked 
|  20|0x00000000a3600000, 0x00000000a3600000, 0x00000000a3700000|  0%| F|  |TAMS 0x00000000a3600000, 0x00000000a3600000| Untracked 
|  21|0x00000000a3700000, 0x00000000a3700000, 0x00000000a3800000|  0%| F|  |TAMS 0x00000000a3700000, 0x00000000a3700000| Untracked 
|  22|0x00000000a3800000, 0x00000000a3800000, 0x00000000a3900000|  0%| F|  |TAMS 0x00000000a3800000, 0x00000000a3800000| Untracked 
|  23|0x00000000a3900000, 0x00000000a3900000, 0x00000000a3a00000|  0%| F|  |TAMS 0x00000000a3900000, 0x00000000a3900000| Untracked 
|  24|0x00000000a3a00000, 0x00000000a3a00000, 0x00000000a3b00000|  0%| F|  |TAMS 0x00000000a3a00000, 0x00000000a3a00000| Untracked 
|  25|0x00000000a3b00000, 0x00000000a3b00000, 0x00000000a3c00000|  0%| F|  |TAMS 0x00000000a3b00000, 0x00000000a3b00000| Untracked 
|  26|0x00000000a3c00000, 0x00000000a3c00000, 0x00000000a3d00000|  0%| F|  |TAMS 0x00000000a3c00000, 0x00000000a3c00000| Untracked 
|  27|0x00000000a3d00000, 0x00000000a3d00000, 0x00000000a3e00000|  0%| F|  |TAMS 0x00000000a3d00000, 0x00000000a3d00000| Untracked 
|  28|0x00000000a3e00000, 0x00000000a3e00000, 0x00000000a3f00000|  0%| F|  |TAMS 0x00000000a3e00000, 0x00000000a3e00000| Untracked 
|  29|0x00000000a3f00000, 0x00000000a3f00000, 0x00000000a4000000|  0%| F|  |TAMS 0x00000000a3f00000, 0x00000000a3f00000| Untracked 
|  30|0x00000000a4000000, 0x00000000a4000000, 0x00000000a4100000|  0%| F|  |TAMS 0x00000000a4000000, 0x00000000a4000000| Untracked 
|  31|0x00000000a4100000, 0x00000000a4100000, 0x00000000a4200000|  0%| F|  |TAMS 0x00000000a4100000, 0x00000000a4100000| Untracked 
|  32|0x00000000a4200000, 0x00000000a4200000, 0x00000000a4300000|  0%| F|  |TAMS 0x00000000a4200000, 0x00000000a4200000| Untracked 
|  33|0x00000000a4300000, 0x00000000a4300000, 0x00000000a4400000|  0%| F|  |TAMS 0x00000000a4300000, 0x00000000a4300000| Untracked 
|  34|0x00000000a4400000, 0x00000000a4400000, 0x00000000a4500000|  0%| F|  |TAMS 0x00000000a4400000, 0x00000000a4400000| Untracked 
|  35|0x00000000a4500000, 0x00000000a4500000, 0x00000000a4600000|  0%| F|  |TAMS 0x00000000a4500000, 0x00000000a4500000| Untracked 
|  36|0x00000000a4600000, 0x00000000a4600000, 0x00000000a4700000|  0%| F|  |TAMS 0x00000000a4600000, 0x00000000a4600000| Untracked 
|  37|0x00000000a4700000, 0x00000000a4700000, 0x00000000a4800000|  0%| F|  |TAMS 0x00000000a4700000, 0x00000000a4700000| Untracked 
|  38|0x00000000a4800000, 0x00000000a4800000, 0x00000000a4900000|  0%| F|  |TAMS 0x00000000a4800000, 0x00000000a4800000| Untracked 
|  39|0x00000000a4900000, 0x00000000a4900000, 0x00000000a4a00000|  0%| F|  |TAMS 0x00000000a4900000, 0x00000000a4900000| Untracked 
|  40|0x00000000a4a00000, 0x00000000a4a00000, 0x00000000a4b00000|  0%| F|  |TAMS 0x00000000a4a00000, 0x00000000a4a00000| Untracked 
|  41|0x00000000a4b00000, 0x00000000a4b00000, 0x00000000a4c00000|  0%| F|  |TAMS 0x00000000a4b00000, 0x00000000a4b00000| Untracked 
|  42|0x00000000a4c00000, 0x00000000a4c00000, 0x00000000a4d00000|  0%| F|  |TAMS 0x00000000a4c00000, 0x00000000a4c00000| Untracked 
|  43|0x00000000a4d00000, 0x00000000a4d00000, 0x00000000a4e00000|  0%| F|  |TAMS 0x00000000a4d00000, 0x00000000a4d00000| Untracked 
|  44|0x00000000a4e00000, 0x00000000a4e00000, 0x00000000a4f00000|  0%| F|  |TAMS 0x00000000a4e00000, 0x00000000a4e00000| Untracked 
|  45|0x00000000a4f00000, 0x00000000a4f00000, 0x00000000a5000000|  0%| F|  |TAMS 0x00000000a4f00000, 0x00000000a4f00000| Untracked 
|  46|0x00000000a5000000, 0x00000000a5000000, 0x00000000a5100000|  0%| F|  |TAMS 0x00000000a5000000, 0x00000000a5000000| Untracked 
|  47|0x00000000a5100000, 0x00000000a5100000, 0x00000000a5200000|  0%| F|  |TAMS 0x00000000a5100000, 0x00000000a5100000| Untracked 
|  48|0x00000000a5200000, 0x00000000a5200000, 0x00000000a5300000|  0%| F|  |TAMS 0x00000000a5200000, 0x00000000a5200000| Untracked 
|  49|0x00000000a5300000, 0x00000000a5300000, 0x00000000a5400000|  0%| F|  |TAMS 0x00000000a5300000, 0x00000000a5300000| Untracked 
|  50|0x00000000a5400000, 0x00000000a5400000, 0x00000000a5500000|  0%| F|  |TAMS 0x00000000a5400000, 0x00000000a5400000| Untracked 
|  51|0x00000000a5500000, 0x00000000a5500000, 0x00000000a5600000|  0%| F|  |TAMS 0x00000000a5500000, 0x00000000a5500000| Untracked 
|  52|0x00000000a5600000, 0x00000000a5600000, 0x00000000a5700000|  0%| F|  |TAMS 0x00000000a5600000, 0x00000000a5600000| Untracked 
|  53|0x00000000a5700000, 0x00000000a5700000, 0x00000000a5800000|  0%| F|  |TAMS 0x00000000a5700000, 0x00000000a5700000| Untracked 
|  54|0x00000000a5800000, 0x00000000a5800000, 0x00000000a5900000|  0%| F|  |TAMS 0x00000000a5800000, 0x00000000a5800000| Untracked 
|  55|0x00000000a5900000, 0x00000000a5900000, 0x00000000a5a00000|  0%| F|  |TAMS 0x00000000a5900000, 0x00000000a5900000| Untracked 
|  56|0x00000000a5a00000, 0x00000000a5a00000, 0x00000000a5b00000|  0%| F|  |TAMS 0x00000000a5a00000, 0x00000000a5a00000| Untracked 
|  57|0x00000000a5b00000, 0x00000000a5b00000, 0x00000000a5c00000|  0%| F|  |TAMS 0x00000000a5b00000, 0x00000000a5b00000| Untracked 
|  58|0x00000000a5c00000, 0x00000000a5c00000, 0x00000000a5d00000|  0%| F|  |TAMS 0x00000000a5c00000, 0x00000000a5c00000| Untracked 
|  59|0x00000000a5d00000, 0x00000000a5d00000, 0x00000000a5e00000|  0%| F|  |TAMS 0x00000000a5d00000, 0x00000000a5d00000| Untracked 
|  60|0x00000000a5e00000, 0x00000000a5e00000, 0x00000000a5f00000|  0%| F|  |TAMS 0x00000000a5e00000, 0x00000000a5e00000| Untracked 
|  61|0x00000000a5f00000, 0x00000000a5f00000, 0x00000000a6000000|  0%| F|  |TAMS 0x00000000a5f00000, 0x00000000a5f00000| Untracked 
|  62|0x00000000a6000000, 0x00000000a6000000, 0x00000000a6100000|  0%| F|  |TAMS 0x00000000a6000000, 0x00000000a6000000| Untracked 
|  63|0x00000000a6100000, 0x00000000a6100000, 0x00000000a6200000|  0%| F|  |TAMS 0x00000000a6100000, 0x00000000a6100000| Untracked 
|  64|0x00000000a6200000, 0x00000000a6200000, 0x00000000a6300000|  0%| F|  |TAMS 0x00000000a6200000, 0x00000000a6200000| Untracked 
|  65|0x00000000a6300000, 0x00000000a6300000, 0x00000000a6400000|  0%| F|  |TAMS 0x00000000a6300000, 0x00000000a6300000| Untracked 
|  66|0x00000000a6400000, 0x00000000a6400000, 0x00000000a6500000|  0%| F|  |TAMS 0x00000000a6400000, 0x00000000a6400000| Untracked 
|  67|0x00000000a6500000, 0x00000000a6500000, 0x00000000a6600000|  0%| F|  |TAMS 0x00000000a6500000, 0x00000000a6500000| Untracked 
|  68|0x00000000a6600000, 0x00000000a6600000, 0x00000000a6700000|  0%| F|  |TAMS 0x00000000a6600000, 0x00000000a6600000| Untracked 
|  69|0x00000000a6700000, 0x00000000a6700000, 0x00000000a6800000|  0%| F|  |TAMS 0x00000000a6700000, 0x00000000a6700000| Untracked 
|  70|0x00000000a6800000, 0x00000000a6800000, 0x00000000a6900000|  0%| F|  |TAMS 0x00000000a6800000, 0x00000000a6800000| Untracked 
|  71|0x00000000a6900000, 0x00000000a6900000, 0x00000000a6a00000|  0%| F|  |TAMS 0x00000000a6900000, 0x00000000a6900000| Untracked 
|  72|0x00000000a6a00000, 0x00000000a6a00000, 0x00000000a6b00000|  0%| F|  |TAMS 0x00000000a6a00000, 0x00000000a6a00000| Untracked 
|  73|0x00000000a6b00000, 0x00000000a6b00000, 0x00000000a6c00000|  0%| F|  |TAMS 0x00000000a6b00000, 0x00000000a6b00000| Untracked 
|  74|0x00000000a6c00000, 0x00000000a6c88c60, 0x00000000a6d00000| 53%| E|  |TAMS 0x00000000a6c00000, 0x00000000a6c00000| Complete 
|  75|0x00000000a6d00000, 0x00000000a6e00000, 0x00000000a6e00000|100%| E|CS|TAMS 0x00000000a6d00000, 0x00000000a6d00000| Complete 
|  76|0x00000000a6e00000, 0x00000000a6f00000, 0x00000000a6f00000|100%| E|CS|TAMS 0x00000000a6e00000, 0x00000000a6e00000| Complete 
|  77|0x00000000a6f00000, 0x00000000a7000000, 0x00000000a7000000|100%| E|CS|TAMS 0x00000000a6f00000, 0x00000000a6f00000| Complete 
|  78|0x00000000a7000000, 0x00000000a7100000, 0x00000000a7100000|100%| E|CS|TAMS 0x00000000a7000000, 0x00000000a7000000| Complete 
|  79|0x00000000a7100000, 0x00000000a7200000, 0x00000000a7200000|100%| E|CS|TAMS 0x00000000a7100000, 0x00000000a7100000| Complete 
|  80|0x00000000a7200000, 0x00000000a7300000, 0x00000000a7300000|100%| E|CS|TAMS 0x00000000a7200000, 0x00000000a7200000| Complete 
|  81|0x00000000a7300000, 0x00000000a7400000, 0x00000000a7400000|100%| E|CS|TAMS 0x00000000a7300000, 0x00000000a7300000| Complete 
|  82|0x00000000a7400000, 0x00000000a7500000, 0x00000000a7500000|100%| E|CS|TAMS 0x00000000a7400000, 0x00000000a7400000| Complete 
|  83|0x00000000a7500000, 0x00000000a7600000, 0x00000000a7600000|100%| E|CS|TAMS 0x00000000a7500000, 0x00000000a7500000| Complete 
|  84|0x00000000a7600000, 0x00000000a7700000, 0x00000000a7700000|100%| E|CS|TAMS 0x00000000a7600000, 0x00000000a7600000| Complete 
|  85|0x00000000a7700000, 0x00000000a7800000, 0x00000000a7800000|100%| E|CS|TAMS 0x00000000a7700000, 0x00000000a7700000| Complete 
|  86|0x00000000a7800000, 0x00000000a7900000, 0x00000000a7900000|100%| E|CS|TAMS 0x00000000a7800000, 0x00000000a7800000| Complete 
|  87|0x00000000a7900000, 0x00000000a7a00000, 0x00000000a7a00000|100%| E|CS|TAMS 0x00000000a7900000, 0x00000000a7900000| Complete 
|  88|0x00000000a7a00000, 0x00000000a7b00000, 0x00000000a7b00000|100%| E|CS|TAMS 0x00000000a7a00000, 0x00000000a7a00000| Complete 
|  89|0x00000000a7b00000, 0x00000000a7c00000, 0x00000000a7c00000|100%| E|CS|TAMS 0x00000000a7b00000, 0x00000000a7b00000| Complete 
|  90|0x00000000a7c00000, 0x00000000a7d00000, 0x00000000a7d00000|100%| E|  |TAMS 0x00000000a7c00000, 0x00000000a7c00000| Complete 
|  91|0x00000000a7d00000, 0x00000000a7e00000, 0x00000000a7e00000|100%| E|CS|TAMS 0x00000000a7d00000, 0x00000000a7d00000| Complete 
|  92|0x00000000a7e00000, 0x00000000a7f00000, 0x00000000a7f00000|100%| E|CS|TAMS 0x00000000a7e00000, 0x00000000a7e00000| Complete 
|  93|0x00000000a7f00000, 0x00000000a8000000, 0x00000000a8000000|100%| E|CS|TAMS 0x00000000a7f00000, 0x00000000a7f00000| Complete 

Card table byte_map: [0x00000123aab10000,0x00000123aae00000] _byte_map_base: 0x00000123aa5ff000

Marking Bits (Prev, Next): (CMBitMap*) 0x0000012397e92e00, (CMBitMap*) 0x0000012397e92e40
 Prev Bits: [0x00000123ab0f0000, 0x00000123ac868000)
 Next Bits: [0x00000123ac870000, 0x00000123adfe8000)

Polling page: 0x0000012395e10000

Metaspace:

Usage:
  Non-class:     11.24 MB used.
      Class:      1.18 MB used.
       Both:     12.41 MB used.

Virtual space:
  Non-class space:       64.00 MB reserved,      11.31 MB ( 18%) committed,  1 nodes.
      Class space:        1.00 GB reserved,       1.25 MB ( <1%) committed,  1 nodes.
             Both:        1.06 GB reserved,      12.56 MB (  1%) committed. 

Chunk freelists:
   Non-Class:  4.23 MB
       Class:  14.64 MB
        Both:  18.87 MB

MaxMetaspaceSize: unlimited
CompressedClassSpaceSize: 1.00 GB
Initial GC threshold: 21.00 MB
Current GC threshold: 21.00 MB
CDS: off
MetaspaceReclaimPolicy: balanced
 - commit_granule_bytes: 65536.
 - commit_granule_words: 8192.
 - virtual_space_node_default_size: 8388608.
 - enlarge_chunks_in_place: 1.
 - new_chunks_are_fully_committed: 0.
 - uncommit_free_chunks: 1.
 - use_allocation_guard: 0.
 - handle_deallocations: 1.


Internal statistics:

num_allocs_failed_limit: 0.
num_arena_births: 76.
num_arena_deaths: 0.
num_vsnodes_births: 2.
num_vsnodes_deaths: 0.
num_space_committed: 201.
num_space_uncommitted: 0.
num_chunks_returned_to_freelist: 0.
num_chunks_taken_from_freelist: 205.
num_chunk_merges: 0.
num_chunk_splits: 115.
num_chunks_enlarged: 72.
num_inconsistent_stats: 0.

CodeHeap 'non-profiled nmethods': size=120000Kb used=299Kb max_used=299Kb free=119701Kb
 bounds [0x00000123a2fc0000, 0x00000123a3230000, 0x00000123aa4f0000]
CodeHeap 'profiled nmethods': size=120000Kb used=1786Kb max_used=1786Kb free=118213Kb
 bounds [0x000001239b4f0000, 0x000001239b760000, 0x00000123a2a20000]
CodeHeap 'non-nmethods': size=5760Kb used=1152Kb max_used=1164Kb free=4607Kb
 bounds [0x00000123a2a20000, 0x00000123a2c90000, 0x00000123a2fc0000]
 total_blobs=1413 nmethods=971 adapters=355
 compilation: enabled
              stopped_count=0, restarted_count=0
 full_count=0

Compilation events (20 events):
Event: 10.969 Thread 0x00000123b0bd2bd0  957       3       jdk.internal.misc.Unsafe::getShortUnaligned (12 bytes)
Event: 10.969 Thread 0x00000123b0bd2bd0 nmethod 957 0x000001239b6a9d90 code [0x000001239b6a9f40, 0x000001239b6aa178]
Event: 10.969 Thread 0x00000123b0bd2bd0  958       3       jdk.internal.misc.Unsafe::getShortUnaligned (33 bytes)
Event: 10.969 Thread 0x00000123b0a68470 nmethod 959 0x00000123a3009510 code [0x00000123a3009680, 0x00000123a30097b8]
Event: 10.970 Thread 0x00000123b0bd2bd0 nmethod 958 0x000001239b6aa290 code [0x000001239b6aa460, 0x000001239b6aa818]
Event: 10.970 Thread 0x00000123b0bd2bd0  960       3       java.lang.reflect.Method::getParameterCount (6 bytes)
Event: 10.970 Thread 0x00000123b0bd2bd0 nmethod 960 0x000001239b6aa990 code [0x000001239b6aab20, 0x000001239b6aac38]
Event: 10.976 Thread 0x00000123b0bd2bd0  961       3       java.lang.invoke.MethodHandleNatives::refKindIsField (32 bytes)
Event: 10.976 Thread 0x00000123b0bd2bd0 nmethod 961 0x000001239b6aad10 code [0x000001239b6aaea0, 0x000001239b6aaff8]
Event: 10.976 Thread 0x00000123b0bd2bd0  964       3       java.lang.invoke.MemberName::getName (25 bytes)
Event: 10.976 Thread 0x00000123b0bd2bd0 nmethod 964 0x000001239b6ab090 code [0x000001239b6ab260, 0x000001239b6ab5e8]
Event: 10.976 Thread 0x00000123b0bd2bd0  962       3       java.lang.invoke.MemberName::<init> (50 bytes)
Event: 10.977 Thread 0x00000123b0bd2bd0 nmethod 962 0x000001239b6ab710 code [0x000001239b6ab8e0, 0x000001239b6abbf8]
Event: 10.977 Thread 0x00000123b0bd2bd0  965       1       java.lang.invoke.MethodHandles$Lookup::previousLookupClass (5 bytes)
Event: 10.977 Thread 0x00000123b0bd2bd0 nmethod 965 0x00000123a300a010 code [0x00000123a300a1a0, 0x00000123a300a278]
Event: 10.977 Thread 0x00000123b0bd2bd0  967       3       java.lang.invoke.MemberName::getInvocationType (56 bytes)
Event: 10.977 Thread 0x00000123b0bd2bd0 nmethod 967 0x000001239b6abd90 code [0x000001239b6abfc0, 0x000001239b6ac8c8]
Event: 10.977 Thread 0x00000123b0bd2bd0  968       3       sun.invoke.util.VerifyType::isNullConversion (157 bytes)
Event: 10.978 Thread 0x00000123b0bd2bd0 nmethod 968 0x000001239b6acb90 code [0x000001239b6acec0, 0x000001239b6ae4a8]
Event: 10.983 Thread 0x00000123b0bd2bd0  969       3       java.io.WinNTFileSystem::resolve (275 bytes)

GC Heap History (0 events):
No events

Dll operation events (5 events):
Event: 0.069 Loaded shared library C:\Users\Kamlakar\.p2\pool\plugins\org.eclipse.justj.openjdk.hotspot.jre.full.win32.x86_64_17.0.8.v20230831-1047\jre\bin\java.dll
Event: 0.933 Loaded shared library C:\Users\Kamlakar\.p2\pool\plugins\org.eclipse.justj.openjdk.hotspot.jre.full.win32.x86_64_17.0.8.v20230831-1047\jre\bin\net.dll
Event: 0.937 Loaded shared library C:\Users\Kamlakar\.p2\pool\plugins\org.eclipse.justj.openjdk.hotspot.jre.full.win32.x86_64_17.0.8.v20230831-1047\jre\bin\nio.dll
Event: 0.960 Loaded shared library C:\Users\Kamlakar\.p2\pool\plugins\org.eclipse.justj.openjdk.hotspot.jre.full.win32.x86_64_17.0.8.v20230831-1047\jre\bin\zip.dll
Event: 1.224 Loaded shared library C:\Users\Kamlakar\.p2\pool\plugins\org.eclipse.justj.openjdk.hotspot.jre.full.win32.x86_64_17.0.8.v20230831-1047\jre\bin\jimage.dll

Deoptimization events (20 events):
Event: 10.387 Thread 0x0000012395c8e800 DEOPT PACKING pc=0x000001239b57eb3a sp=0x0000001aaeafe590
Event: 10.388 Thread 0x0000012395c8e800 DEOPT UNPACKING pc=0x00000123a2a77143 sp=0x0000001aaeafda50 mode 0
Event: 10.433 Thread 0x0000012395c8e800 Uncommon trap: trap_request=0xffffff45 fr.pc=0x00000123a2fdcde4 relative=0x0000000000000064
Event: 10.433 Thread 0x0000012395c8e800 Uncommon trap: reason=unstable_if action=reinterpret pc=0x00000123a2fdcde4 method=java.io.WinNTFileSystem.isSlash(C)Z @ 9 c2
Event: 10.433 Thread 0x0000012395c8e800 DEOPT PACKING pc=0x00000123a2fdcde4 sp=0x0000001aaeafebe0
Event: 10.433 Thread 0x0000012395c8e800 DEOPT UNPACKING pc=0x00000123a2a769a3 sp=0x0000001aaeafeb68 mode 2
Event: 10.456 Thread 0x0000012395c8e800 DEOPT PACKING pc=0x000001239b4fc83e sp=0x0000001aaeafe310
Event: 10.456 Thread 0x0000012395c8e800 DEOPT UNPACKING pc=0x00000123a2a77143 sp=0x0000001aaeafd7b0 mode 0
Event: 10.723 Thread 0x0000012395c8e800 DEOPT PACKING pc=0x000001239b5cf664 sp=0x0000001aaeafe480
Event: 10.723 Thread 0x0000012395c8e800 DEOPT UNPACKING pc=0x00000123a2a77143 sp=0x0000001aaeafd948 mode 0
Event: 10.834 Thread 0x0000012395c8e800 Uncommon trap: trap_request=0xffffff45 fr.pc=0x00000123a2ff0adc relative=0x0000000000001afc
Event: 10.834 Thread 0x0000012395c8e800 Uncommon trap: reason=unstable_if action=reinterpret pc=0x00000123a2ff0adc method=java.io.WinNTFileSystem.normalize(Ljava/lang/String;)Ljava/lang/String; @ 128 c2
Event: 10.834 Thread 0x0000012395c8e800 DEOPT PACKING pc=0x00000123a2ff0adc sp=0x0000001aaeafd3c0
Event: 10.834 Thread 0x0000012395c8e800 DEOPT UNPACKING pc=0x00000123a2a769a3 sp=0x0000001aaeafd398 mode 2
Event: 10.873 Thread 0x0000012395c8e800 DEOPT PACKING pc=0x000001239b4fe3fe sp=0x0000001aaeafe2a0
Event: 10.873 Thread 0x0000012395c8e800 DEOPT UNPACKING pc=0x00000123a2a77143 sp=0x0000001aaeafd710 mode 0
Event: 10.922 Thread 0x0000012395c8e800 Uncommon trap: trap_request=0xffffff45 fr.pc=0x00000123a3005c74 relative=0x0000000000000074
Event: 10.922 Thread 0x0000012395c8e800 Uncommon trap: reason=unstable_if action=reinterpret pc=0x00000123a3005c74 method=jdk.internal.misc.Unsafe.convEndian(ZI)I @ 4 c2
Event: 10.922 Thread 0x0000012395c8e800 DEOPT PACKING pc=0x00000123a3005c74 sp=0x0000001aaeafd2a0
Event: 10.922 Thread 0x0000012395c8e800 DEOPT UNPACKING pc=0x00000123a2a769a3 sp=0x0000001aaeafd1d0 mode 2

Classes unloaded (0 events):
No events

Classes redefined (0 events):
No events

Internal exceptions (6 events):
Event: 10.476 Thread 0x0000012395c8e800 Exception <a 'java/lang/NoSuchMethodError'{0x00000000a7275a60}: 'int java.lang.invoke.DirectMethodHandle$Holder.invokeStaticInit(java.lang.Object, java.lang.Object)'> (0x00000000a7275a60) 
thrown [s\src\hotspot\share\interpreter\linkResolver.cpp, line 759]
Event: 10.541 Thread 0x0000012395c8e800 Exception <a 'java/lang/NoSuchMethodError'{0x00000000a7149590}: 'java.lang.Object java.lang.invoke.DirectMethodHandle$Holder.invokeStaticInit(java.lang.Object)'> (0x00000000a7149590) 
thrown [s\src\hotspot\share\interpreter\linkResolver.cpp, line 759]
Event: 10.610 Thread 0x0000012395c8e800 Exception <a 'java/lang/NoSuchMethodError'{0x00000000a7164230}: 'void java.lang.invoke.DirectMethodHandle$Holder.invokeStatic(java.lang.Object, java.lang.Object)'> (0x00000000a7164230) 
thrown [s\src\hotspot\share\interpreter\linkResolver.cpp, line 759]
Event: 10.688 Thread 0x0000012395c8e800 Exception <a 'java/lang/ClassNotFoundException'{0x00000000a7016cd8}: com/sun/org/apache/xerces/internal/impl/msg/spi/SAXMessagesProvider> (0x00000000a7016cd8) 
thrown [s\src\hotspot\share\classfile\systemDictionary.cpp, line 256]
Event: 10.759 Thread 0x0000012395c8e800 Exception <a 'java/lang/NoSuchMethodError'{0x00000000a70f17a8}: 'java.lang.Object java.lang.invoke.DirectMethodHandle$Holder.invokeStaticInit(java.lang.Object, int, int, int, int)'> (0x00000000a70f17a8) 
thrown [s\src\hotspot\share\interpreter\linkResolver.cpp, line 759]
Event: 10.839 Thread 0x0000012395c8e800 Exception <a 'java/lang/NoSuchMethodError'{0x00000000a6f1dbd0}: 'java.lang.Object java.lang.invoke.DirectMethodHandle$Holder.invokeStaticInit(java.lang.Object, java.lang.Object, int, int, int, int)'> (0x00000000a6f1dbd0) 
thrown [s\src\hotspot\share\interpreter\linkResolver.cpp, line 759]

VM Operations (20 events):
Event: 8.030 Executing VM operation: Cleanup
Event: 8.030 Executing VM operation: Cleanup done
Event: 9.038 Executing VM operation: Cleanup
Event: 9.038 Executing VM operation: Cleanup done
Event: 10.038 Executing VM operation: Cleanup
Event: 10.038 Executing VM operation: Cleanup done
Event: 10.433 Executing VM operation: HandshakeAllThreads
Event: 10.433 Executing VM operation: HandshakeAllThreads done
Event: 10.519 Executing VM operation: HandshakeAllThreads
Event: 10.519 Executing VM operation: HandshakeAllThreads done
Event: 10.566 Executing VM operation: HandshakeAllThreads
Event: 10.566 Executing VM operation: HandshakeAllThreads done
Event: 10.722 Executing VM operation: HandshakeAllThreads
Event: 10.722 Executing VM operation: HandshakeAllThreads done
Event: 10.724 Executing VM operation: HandshakeAllThreads
Event: 10.724 Executing VM operation: HandshakeAllThreads done
Event: 10.740 Executing VM operation: HandshakeAllThreads
Event: 10.740 Executing VM operation: HandshakeAllThreads done
Event: 10.846 Executing VM operation: HandshakeAllThreads
Event: 10.846 Executing VM operation: HandshakeAllThreads done

Events (20 events):
Event: 10.960 loading class java/util/concurrent/atomic/AtomicLongArray
Event: 10.960 loading class java/util/concurrent/atomic/AtomicLongArray done
Event: 10.966 loading class java/util/Collections$UnmodifiableList
Event: 10.966 loading class java/util/Collections$UnmodifiableList done
Event: 10.966 loading class java/util/Collections$UnmodifiableRandomAccessList
Event: 10.966 loading class java/util/Collections$UnmodifiableRandomAccessList done
Event: 10.968 loading class java/lang/annotation/Documented
Event: 10.968 loading class java/lang/annotation/Documented done
Event: 10.971 loading class jdk/internal/reflect/UnsafeQualifiedObjectFieldAccessorImpl
Event: 10.971 loading class jdk/internal/reflect/UnsafeQualifiedFieldAccessorImpl
Event: 10.971 loading class jdk/internal/reflect/UnsafeQualifiedFieldAccessorImpl done
Event: 10.972 loading class jdk/internal/reflect/UnsafeQualifiedObjectFieldAccessorImpl done
Event: 10.972 loading class jdk/internal/reflect/UnsafeIntegerFieldAccessorImpl
Event: 10.972 loading class jdk/internal/reflect/UnsafeIntegerFieldAccessorImpl done
Event: 10.972 loading class sun/nio/ch/IOStatus
Event: 10.972 loading class sun/nio/ch/IOStatus done
Event: 10.982 loading class java/util/Collections$SynchronizedMap
Event: 10.983 loading class java/util/Collections$SynchronizedMap done
Event: 10.985 loading class java/util/function/ToIntFunction
Event: 10.985 loading class java/util/function/ToIntFunction done


Dynamic libraries:
0x00007ff7305d0000 - 0x00007ff7305de000 	C:\Users\Kamlakar\.p2\pool\plugins\org.eclipse.justj.openjdk.hotspot.jre.full.win32.x86_64_17.0.8.v20230831-1047\jre\bin\javaw.exe
0x00007ffb15e90000 - 0x00007ffb16088000 	C:\Windows\SYSTEM32\ntdll.dll
0x00007ffb144a0000 - 0x00007ffb1455d000 	C:\Windows\System32\KERNEL32.DLL
0x00007ffb13780000 - 0x00007ffb13a76000 	C:\Windows\System32\KERNELBASE.dll
0x00007ffb13570000 - 0x00007ffb13670000 	C:\Windows\System32\ucrtbase.dll
0x00007ffb03900000 - 0x00007ffb03917000 	C:\Users\Kamlakar\.p2\pool\plugins\org.eclipse.justj.openjdk.hotspot.jre.full.win32.x86_64_17.0.8.v20230831-1047\jre\bin\jli.dll
0x00007ffb14b10000 - 0x00007ffb14cae000 	C:\Windows\System32\USER32.dll
0x00007ffb13d30000 - 0x00007ffb13d52000 	C:\Windows\System32\win32u.dll
0x00007ffb13fc0000 - 0x00007ffb13fec000 	C:\Windows\System32\GDI32.dll
0x00007ffb13a80000 - 0x00007ffb13b9a000 	C:\Windows\System32\gdi32full.dll
0x00007ffb13670000 - 0x00007ffb1370d000 	C:\Windows\System32\msvcp_win.dll
0x00007ffafbcf0000 - 0x00007ffafbf8a000 	C:\Windows\WinSxS\amd64_microsoft.windows.common-controls_6595b64144ccf1df_6.0.19041.3636_none_60b6a03d71f818d5\COMCTL32.dll
0x00007ffb14d20000 - 0x00007ffb14dbe000 	C:\Windows\System32\msvcrt.dll
0x00007ffb03700000 - 0x00007ffb03719000 	C:\Users\Kamlakar\.p2\pool\plugins\org.eclipse.justj.openjdk.hotspot.jre.full.win32.x86_64_17.0.8.v20230831-1047\jre\bin\VCRUNTIME140.dll
0x00007ffb13ff0000 - 0x00007ffb14020000 	C:\Windows\System32\IMM32.DLL
0x00007ffb0d640000 - 0x00007ffb0d64c000 	C:\Users\Kamlakar\.p2\pool\plugins\org.eclipse.justj.openjdk.hotspot.jre.full.win32.x86_64_17.0.8.v20230831-1047\jre\bin\vcruntime140_1.dll
0x00007ffb03660000 - 0x00007ffb036f1000 	C:\Users\Kamlakar\.p2\pool\plugins\org.eclipse.justj.openjdk.hotspot.jre.full.win32.x86_64_17.0.8.v20230831-1047\jre\bin\msvcp140.dll
0x00007ffae1a30000 - 0x00007ffae267c000 	C:\Users\Kamlakar\.p2\pool\plugins\org.eclipse.justj.openjdk.hotspot.jre.full.win32.x86_64_17.0.8.v20230831-1047\jre\bin\server\jvm.dll
0x00007ffb145d0000 - 0x00007ffb1467f000 	C:\Windows\System32\ADVAPI32.dll
0x00007ffb14710000 - 0x00007ffb147ac000 	C:\Windows\System32\sechost.dll
0x00007ffb14e70000 - 0x00007ffb14f96000 	C:\Windows\System32\RPCRT4.dll
0x00007ffb13320000 - 0x00007ffb1336b000 	C:\Windows\SYSTEM32\POWRPROF.dll
0x00007ffb092c0000 - 0x00007ffb092e7000 	C:\Windows\SYSTEM32\WINMM.dll
0x00007ffb0aff0000 - 0x00007ffb0affa000 	C:\Windows\SYSTEM32\VERSION.dll
0x00007ffb0ef20000 - 0x00007ffb0ef29000 	C:\Windows\SYSTEM32\WSOCK32.dll
0x00007ffb15de0000 - 0x00007ffb15e4b000 	C:\Windows\System32\WS2_32.dll
0x00007ffb13300000 - 0x00007ffb13312000 	C:\Windows\SYSTEM32\UMPDC.dll
0x00007ffb11430000 - 0x00007ffb11442000 	C:\Windows\SYSTEM32\kernel.appcore.dll
0x00007ffb0dde0000 - 0x00007ffb0ddea000 	C:\Users\Kamlakar\.p2\pool\plugins\org.eclipse.justj.openjdk.hotspot.jre.full.win32.x86_64_17.0.8.v20230831-1047\jre\bin\jimage.dll
0x00007ffb0b530000 - 0x00007ffb0b714000 	C:\Windows\SYSTEM32\DBGHELP.DLL
0x00007ffaf5de0000 - 0x00007ffaf5e14000 	C:\Windows\SYSTEM32\dbgcore.DLL
0x00007ffb13ba0000 - 0x00007ffb13c22000 	C:\Windows\System32\bcryptPrimitives.dll
0x00007ffb054a0000 - 0x00007ffb054c5000 	C:\Users\Kamlakar\.p2\pool\plugins\org.eclipse.justj.openjdk.hotspot.jre.full.win32.x86_64_17.0.8.v20230831-1047\jre\bin\java.dll
0x00007ffb05330000 - 0x00007ffb05348000 	C:\Users\Kamlakar\.p2\pool\plugins\org.eclipse.justj.openjdk.hotspot.jre.full.win32.x86_64_17.0.8.v20230831-1047\jre\bin\zip.dll
0x00007ffb15680000 - 0x00007ffb15dc5000 	C:\Windows\System32\SHELL32.dll
0x00007ffb11630000 - 0x00007ffb11dcb000 	C:\Windows\SYSTEM32\windows.storage.dll
0x00007ffb14020000 - 0x00007ffb14374000 	C:\Windows\System32\combase.dll
0x00007ffb12f40000 - 0x00007ffb12f6d000 	C:\Windows\SYSTEM32\Wldp.dll
0x00007ffb13ef0000 - 0x00007ffb13f9d000 	C:\Windows\System32\SHCORE.dll
0x00007ffb14cb0000 - 0x00007ffb14d05000 	C:\Windows\System32\shlwapi.dll
0x00007ffb134a0000 - 0x00007ffb134c5000 	C:\Windows\SYSTEM32\profapi.dll
0x00007ffb05310000 - 0x00007ffb05329000 	C:\Users\Kamlakar\.p2\pool\plugins\org.eclipse.justj.openjdk.hotspot.jre.full.win32.x86_64_17.0.8.v20230831-1047\jre\bin\net.dll
0x00007ffb0adc0000 - 0x00007ffb0aeca000 	C:\Windows\SYSTEM32\WINHTTP.dll
0x00007ffb12c40000 - 0x00007ffb12caa000 	C:\Windows\system32\mswsock.dll
0x00007ffb04a70000 - 0x00007ffb04a85000 	C:\Users\Kamlakar\.p2\pool\plugins\org.eclipse.justj.openjdk.hotspot.jre.full.win32.x86_64_17.0.8.v20230831-1047\jre\bin\nio.dll
0x00007ffb02c80000 - 0x00007ffb02cb3000 	C:\Program Files (x86)\Sangfor\SSL\ClientComponent\SangforNspX64.dll
0x00007ffb14fa0000 - 0x00007ffb150cb000 	C:\Windows\System32\ole32.dll
0x00007ffb14890000 - 0x00007ffb1495d000 	C:\Windows\System32\OLEAUT32.dll
0x00007ffb15dd0000 - 0x00007ffb15dd8000 	C:\Windows\System32\PSAPI.DLL
0x00007ffb12970000 - 0x00007ffb12a3a000 	C:\Windows\SYSTEM32\DNSAPI.dll
0x00007ffb12930000 - 0x00007ffb1296b000 	C:\Windows\SYSTEM32\IPHLPAPI.DLL
0x00007ffb14d10000 - 0x00007ffb14d18000 	C:\Windows\System32\NSI.dll
0x00007ffb04560000 - 0x00007ffb0456a000 	C:\Windows\System32\rasadhlp.dll
0x00007ffb047c0000 - 0x00007ffb04840000 	C:\Windows\System32\fwpuclnt.dll
0x00007ffb13ec0000 - 0x00007ffb13ee7000 	C:\Windows\System32\bcrypt.dll
0x00007ffb12e30000 - 0x00007ffb12e48000 	C:\Windows\SYSTEM32\CRYPTSP.dll
0x00007ffb12570000 - 0x00007ffb125a4000 	C:\Windows\system32\rsaenh.dll
0x00007ffb13460000 - 0x00007ffb1348e000 	C:\Windows\SYSTEM32\USERENV.dll
0x00007ffb12e50000 - 0x00007ffb12e5c000 	C:\Windows\SYSTEM32\CRYPTBASE.dll
0x00007ffb0b330000 - 0x00007ffb0b347000 	C:\Windows\SYSTEM32\dhcpcsvc6.DLL
0x00007ffb0b720000 - 0x00007ffb0b73d000 	C:\Windows\SYSTEM32\dhcpcsvc.DLL

dbghelp: loaded successfully - version: 4.0.5 - missing functions: none
symbol engine: initialized successfully - sym options: 0x614 - pdb path: .;C:\Users\Kamlakar\.p2\pool\plugins\org.eclipse.justj.openjdk.hotspot.jre.full.win32.x86_64_17.0.8.v20230831-1047\jre\bin;C:\Windows\SYSTEM32;C:\Windows\WinSxS\amd64_microsoft.windows.common-controls_6595b64144ccf1df_6.0.19041.3636_none_60b6a03d71f818d5;C:\Users\Kamlakar\.p2\pool\plugins\org.eclipse.justj.openjdk.hotspot.jre.full.win32.x86_64_17.0.8.v20230831-1047\jre\bin\server;C:\Program Files (x86)\Sangfor\SSL\ClientComponent

VM Arguments:
jvm_args: -ea -Dfile.encoding=UTF-8 -Dstdout.encoding=UTF-8 -Dstderr.encoding=UTF-8 -XX:+ShowCodeDetailsInExceptionMessages 
java_command: org.testng.remote.RemoteTestNG -serport 64520 -protocol json -d C:\Users\Kamlakar\git\Medcare_Automation_Framework\MedcareFramrwork_id-backend\test-output C:\Users\Kamlakar\git\Medcare_Automation_Framework\MedcareFramrwork_id-backend\Test_Billing_Test_Runner_XMLS\Debit_Note_Billing_Summary_Debit_Note_List_Print_Debit_Note.xml
java_class_path (initial): C:\Users\Kamlakar\eclipse\java-2023-092\eclipse\configuration\org.eclipse.osgi\523\0\.cp\lib\testng-remote.jar;C:\Users\Kamlakar\git\Medcare_Automation_Framework\MedcareFramrwork_id-backend\target\test-classes;C:\Users\Kamlakar\git\Medcare_Automation_Framework\MedcareFramrwork_id-backend\target\classes;C:\Users\Kamlakar\.p2\pool\plugins\org.testng_7.4.0.r202105021533.jar;C:\Users\Kamlakar\.p2\pool\plugins\com.beust.jcommander_1.78.0.jar;C:\Users\Kamlakar\.p2\pool\plugins\org.apache-extras.beanshell.bsh_2.0.0.b6.jar;C:\Users\Kamlakar\.p2\pool\plugins\org.yaml.snakeyaml_1.21.0.jar;C:\Users\Kamlakar\.p2\pool\plugins\org.webjars.jquery_3.5.1.jar;C:\Users\Kamlakar\Downloads\ATUTestRecorder_2.1\ATUTestRecorder_2.1.jar;C:\Users\Kamlakar\.m2\repository\org\seleniumhq\selenium\selenium-java\3.141.59\selenium-java-3.141.59.jar;C:\Users\Kamlakar\.m2\repository\org\seleniumhq\selenium\selenium-chrome-driver\3.141.59\selenium-chrome-driver-3.141.59.jar;C:\Users\Kamlakar\.m2\repository\org\seleniumhq\selenium\selenium-edge-driver\3.141.59\selenium-edge-driver-3.141.59.jar;C:\Users\Kamlakar\.m2\repository\org\seleniumhq\selenium\selenium-firefox-driver\3.141.59\selenium-firefox-driver-3.141.59.jar;C:\Users\Kamlakar\.m2\repository\org\seleniumhq\selenium\selenium-ie-driver\3.141.59\selenium-ie-driver-3.141.59.jar;C:\Users\Kamlakar\.m2\repository\org\seleniumhq\selenium\selenium-opera-driver\3.141.59\selenium-opera-driver-3.141.59.jar;C:\Users\Kamlakar\.m2\repository\org\seleniumhq\selenium\selenium-remote-driver\3.141.59\selenium-remote-driver-3.141.59.jar;C:\Users\Kamlakar\.m2\repository\org\seleniumhq\selenium\selenium-safari-driver\3.141.59\selenium-safari-driver-3.141.59.jar;C:\Users\Kamlakar\.m2\repository\org\seleniumhq\selenium\selenium-support\3.141.59\selenium-support-3.141.59.jar;C:\Users\Kamlakar\.m2\repository\net\bytebuddy\byte-buddy\1.10.0\byte-buddy-1.10.0.jar;C:\Users\Kamlakar\.m2\repository\org\apache\commons\commons-exec\1.3\commons-ex
Launcher Type: SUN_STANDARD

[Global flags]
     intx CICompilerCount                          = 4                                         {product} {ergonomic}
     uint ConcGCThreads                            = 2                                         {product} {ergonomic}
     uint G1ConcRefinementThreads                  = 8                                         {product} {ergonomic}
   size_t G1HeapRegionSize                         = 1048576                                   {product} {ergonomic}
    uintx GCDrainStackTargetSize                   = 64                                        {product} {ergonomic}
   size_t InitialHeapSize                          = 98566144                                  {product} {ergonomic}
   size_t MarkStackSize                            = 4194304                                   {product} {ergonomic}
   size_t MaxHeapSize                              = 1574961152                                {product} {ergonomic}
   size_t MaxNewSize                               = 944766976                                 {product} {ergonomic}
   size_t MinHeapDeltaBytes                        = 1048576                                   {product} {ergonomic}
   size_t MinHeapSize                              = 8388608                                   {product} {ergonomic}
    uintx NonNMethodCodeHeapSize                   = 5839372                                {pd product} {ergonomic}
    uintx NonProfiledCodeHeapSize                  = 122909434                              {pd product} {ergonomic}
    uintx ProfiledCodeHeapSize                     = 122909434                              {pd product} {ergonomic}
    uintx ReservedCodeCacheSize                    = 251658240                              {pd product} {ergonomic}
     bool SegmentedCodeCache                       = true                                      {product} {ergonomic}
     bool ShowCodeDetailsInExceptionMessages       = true                                   {manageable} {command line}
   size_t SoftMaxHeapSize                          = 1574961152                             {manageable} {ergonomic}
     bool UseCompressedClassPointers               = true                           {product lp64_product} {ergonomic}
     bool UseCompressedOops                        = true                           {product lp64_product} {ergonomic}
     bool UseG1GC                                  = true                                      {product} {ergonomic}
     bool UseLargePagesIndividualAllocation        = false                                  {pd product} {ergonomic}

Logging:
Log output configuration:
 #0: stdout all=warning uptime,level,tags
 #1: stderr all=off uptime,level,tags

Environment Variables:
PATH=C:/Users/Kamlakar/.p2/pool/plugins/org.eclipse.justj.openjdk.hotspot.jre.full.win32.x86_64_17.0.8.v20230831-1047/jre/bin/server;C:/Users/Kamlakar/.p2/pool/plugins/org.eclipse.justj.openjdk.hotspot.jre.full.win32.x86_64_17.0.8.v20230831-1047/jre/bin;C:\Windows\system32;C:\Windows;C:\Windows\System32\Wbem;C:\Windows\System32\WindowsPowerShell\v1.0\;C:\Windows\System32\OpenSSH\;C:\Users\Kamlakar\Downloads\jdk-17.0.9\bin;C:\Program Files\Git\cmd;C:\Program Files\Git LFS;C:\Users\Kamlakar\AppData\Local\Microsoft\WindowsApps;;C:\Users\Kamlakar\Desktop;
USERNAME=Kamlakar
OS=Windows_NT
PROCESSOR_IDENTIFIER=AMD64 Family 23 Model 104 Stepping 1, AuthenticAMD
TMP=C:\Users\Kamlakar\AppData\Local\Temp
TEMP=C:\Users\Kamlakar\AppData\Local\Temp



---------------  S Y S T E M  ---------------

OS:
 Windows 10 , 64 bit Build 19041 (10.0.19041.3636)
OS uptime: 4 days 19:05 hours

CPU: total 8 (initial active 8) (8 cores per cpu, 2 threads per core) family 23 model 104 stepping 1 microcode 0x0, cx8, cmov, fxsr, ht, mmx, 3dnowpref, sse, sse2, sse3, ssse3, sse4a, sse4.1, sse4.2, popcnt, lzcnt, tsc, tscinvbit, avx, avx2, aes, clmul, bmi1, bmi2, adx, sha, fma, vzeroupper, clflush, clflushopt
Processor Information for all 8 processors :
  Max Mhz: 2600, Current Mhz: 2600, Mhz Limit: 2600

Memory: 4k page, system-wide physical 6005M (795M free)
TotalPageFile size 24437M (AvailPageFile size 0M)
current process WorkingSet (physical memory assigned to process): 71M, peak: 71M
current process commit charge ("private bytes"): 186M, peak: 188M

vm_info: OpenJDK 64-Bit Server VM (17.0.8.1+1) for windows-amd64 JRE (17.0.8.1+1), built on Aug 23 2023 15:29:17 by "admin" with MS VC++ 16.7 (VS2019)

END.
